Using pre-set license
Built from '2021.3/staging' branch; Version is '2021.3.15f1 (e8e88683f834) revision 15263878'; Using compiler version '192829333'; Build Type 'Release'
OS: 'Windows 11  (10.0.26100) 64bit Core' Language: 'ko' Physical Memory: 16240 MB
BatchMode: 1, IsHumanControllingUs: 0, StartBugReporterOnCrash: 0, Is64bit: 1, IsPro: 1

COMMAND LINE ARGUMENTS:
C:\Program Files\Unity\Hub\Editor\2021.3.15f1\Editor\Unity.exe
-adb2
-batchMode
-noUpm
-name
AssetImportWorker6
-projectPath
C:/Users/user/Documents/GitHub/StudyUnity/Inflearn_MMO
-logFile
Logs/AssetImportWorker6.log
-srvPort
54774
Successfully changed project path to: C:/Users/user/Documents/GitHub/StudyUnity/Inflearn_MMO
C:/Users/user/Documents/GitHub/StudyUnity/Inflearn_MMO
[UnityMemory] Configuration Parameters - Can be set up in boot.config
    "memorysetup-bucket-allocator-granularity=16"
    "memorysetup-bucket-allocator-bucket-count=8"
    "memorysetup-bucket-allocator-block-size=33554432"
    "memorysetup-bucket-allocator-block-count=8"
    "memorysetup-main-allocator-block-size=16777216"
    "memorysetup-thread-allocator-block-size=16777216"
    "memorysetup-gfx-main-allocator-block-size=16777216"
    "memorysetup-gfx-thread-allocator-block-size=16777216"
    "memorysetup-cache-allocator-block-size=4194304"
    "memorysetup-typetree-allocator-block-size=2097152"
    "memorysetup-profiler-bucket-allocator-granularity=16"
    "memorysetup-profiler-bucket-allocator-bucket-count=8"
    "memorysetup-profiler-bucket-allocator-block-size=33554432"
    "memorysetup-profiler-bucket-allocator-block-count=8"
    "memorysetup-profiler-allocator-block-size=16777216"
    "memorysetup-profiler-editor-allocator-block-size=1048576"
    "memorysetup-temp-allocator-size-main=16777216"
    "memorysetup-job-temp-allocator-block-size=2097152"
    "memorysetup-job-temp-allocator-block-size-background=1048576"
    "memorysetup-job-temp-allocator-reduction-small-platforms=262144"
    "memorysetup-temp-allocator-size-background-worker=32768"
    "memorysetup-temp-allocator-size-job-worker=262144"
    "memorysetup-temp-allocator-size-preload-manager=33554432"
    "memorysetup-temp-allocator-size-nav-mesh-worker=65536"
    "memorysetup-temp-allocator-size-audio-worker=65536"
    "memorysetup-temp-allocator-size-cloud-worker=32768"
    "memorysetup-temp-allocator-size-gi-baking-worker=262144"
    "memorysetup-temp-allocator-size-gfx=262144"
Player connection [214728] Host "[IP] 172.30.1.75 [Port] 0 [Flags] 2 [Guid] 1425683443 [EditorId] 1425683443 [Version] 1048832 [Id] WindowsEditor(7,DESKTOP-DVIICB3) [Debug] 1 [PackageName] WindowsEditor [ProjectName] Editor" joined multi-casting on [225.0.0.222:54997]...

Player connection [214728] Host "[IP] 172.30.1.75 [Port] 0 [Flags] 2 [Guid] 1425683443 [EditorId] 1425683443 [Version] 1048832 [Id] WindowsEditor(7,DESKTOP-DVIICB3) [Debug] 1 [PackageName] WindowsEditor [ProjectName] Editor" joined alternative multi-casting on [225.0.0.222:34997]...

Refreshing native plugins compatible for Editor in 234.44 ms, found 3 plugins.
Preloading 0 native plugins for Editor in 0.00 ms.
Initialize engine version: 2021.3.15f1 (e8e88683f834)
[Subsystems] Discovering subsystems at path C:/Program Files/Unity/Hub/Editor/2021.3.15f1/Editor/Data/Resources/UnitySubsystems
[Subsystems] Discovering subsystems at path C:/Users/user/Documents/GitHub/StudyUnity/Inflearn_MMO/Assets
GfxDevice: creating device client; threaded=0; jobified=0
Direct3D:
    Version:  Direct3D 11.0 [level 11.1]
    Renderer: NVIDIA GeForce MX250 (ID=0x1d13)
    Vendor:   NVIDIA
    VRAM:     1968 MB
    Driver:   32.0.15.7688
Initialize mono
Mono path[0] = 'C:/Program Files/Unity/Hub/Editor/2021.3.15f1/Editor/Data/Managed'
Mono path[1] = 'C:/Program Files/Unity/Hub/Editor/2021.3.15f1/Editor/Data/MonoBleedingEdge/lib/mono/unityjit-win32'
Mono config path = 'C:/Program Files/Unity/Hub/Editor/2021.3.15f1/Editor/Data/MonoBleedingEdge/etc'
Using monoOptions --debugger-agent=transport=dt_socket,embedding=1,server=y,suspend=n,address=127.0.0.1:56588
Begin MonoManager ReloadAssembly
Registering precompiled unity dll's ...
Register platform support module: C:/Program Files/Unity/Hub/Editor/2021.3.15f1/Editor/Data/PlaybackEngines/AndroidPlayer/UnityEditor.Android.Extensions.dll
Register platform support module: C:/Program Files/Unity/Hub/Editor/2021.3.15f1/Editor/Data/PlaybackEngines/WindowsStandaloneSupport/UnityEditor.WindowsStandalone.Extensions.dll
Register platform support module: C:/Program Files/Unity/Hub/Editor/2021.3.15f1/Editor/Data/PlaybackEngines/MetroSupport/UnityEditor.UWP.Extensions.dll
Registered in 0.023828 seconds.
Native extension for UWP target not found
Native extension for WindowsStandalone target not found
Native extension for Android target not found
Refreshing native plugins compatible for Editor in 202.45 ms, found 3 plugins.
Preloading 0 native plugins for Editor in 0.00 ms.
Mono: successfully reloaded assembly
- Completed reload, in  1.517 seconds
Domain Reload Profiling:
	ReloadAssembly (1518ms)
		BeginReloadAssembly (177ms)
			ExecutionOrderSort (0ms)
			DisableScriptedObjects (0ms)
			BackupInstance (0ms)
			ReleaseScriptingObjects (0ms)
			CreateAndSetChildDomain (1ms)
		EndReloadAssembly (1082ms)
			LoadAssemblies (173ms)
			RebuildTransferFunctionScriptingTraits (0ms)
			SetupTypeCache (258ms)
			ReleaseScriptCaches (0ms)
			RebuildScriptCaches (62ms)
			SetupLoadedEditorAssemblies (652ms)
				LogAssemblyErrors (0ms)
				InitializePlatformSupportModulesInManaged (142ms)
				SetLoadedEditorAssemblies (0ms)
				RefreshPlugins (203ms)
				BeforeProcessingInitializeOnLoad (2ms)
				ProcessInitializeOnLoadAttributes (209ms)
				ProcessInitializeOnLoadMethodAttributes (96ms)
				AfterProcessingInitializeOnLoad (0ms)
				EditorAssembliesLoaded (0ms)
			ExecutionOrderSort2 (0ms)
			AwakeInstancesAfterBackupRestoration (0ms)
Platform modules already initialized, skipping
Registering precompiled user dll's ...
Registered in 0.021836 seconds.
Begin MonoManager ReloadAssembly
Symbol file LoadedFromMemory doesn't match image C:\Users\user\Documents\GitHub\StudyUnity\Inflearn_MMO\Library\PackageCache\com.unity.visualscripting@1.7.8\Editor\VisualScripting.Core\Dependencies\YamlDotNet\Unity.VisualScripting.YamlDotNet.dll
Symbol file LoadedFromMemory doesn't match image C:\Users\user\Documents\GitHub\StudyUnity\Inflearn_MMO\Library\PackageCache\com.unity.visualscripting@1.7.8\Editor\VisualScripting.Core\Dependencies\DotNetZip\Unity.VisualScripting.IonicZip.dll
Native extension for UWP target not found
Native extension for WindowsStandalone target not found
Native extension for Android target not found
Refreshing native plugins compatible for Editor in 1.39 ms, found 3 plugins.
Preloading 0 native plugins for Editor in 0.00 ms.
Mono: successfully reloaded assembly
- Completed reload, in  2.548 seconds
Domain Reload Profiling:
	ReloadAssembly (2549ms)
		BeginReloadAssembly (395ms)
			ExecutionOrderSort (0ms)
			DisableScriptedObjects (16ms)
			BackupInstance (0ms)
			ReleaseScriptingObjects (0ms)
			CreateAndSetChildDomain (141ms)
		EndReloadAssembly (1841ms)
			LoadAssemblies (229ms)
			RebuildTransferFunctionScriptingTraits (0ms)
			SetupTypeCache (595ms)
			ReleaseScriptCaches (1ms)
			RebuildScriptCaches (108ms)
			SetupLoadedEditorAssemblies (844ms)
				LogAssemblyErrors (0ms)
				InitializePlatformSupportModulesInManaged (42ms)
				SetLoadedEditorAssemblies (1ms)
				RefreshPlugins (2ms)
				BeforeProcessingInitializeOnLoad (209ms)
				ProcessInitializeOnLoadAttributes (516ms)
				ProcessInitializeOnLoadMethodAttributes (51ms)
				AfterProcessingInitializeOnLoad (22ms)
				EditorAssembliesLoaded (0ms)
			ExecutionOrderSort2 (0ms)
			AwakeInstancesAfterBackupRestoration (20ms)
Platform modules already initialized, skipping
========================================================================
Worker process is ready to serve import requests
Launched and connected shader compiler UnityShaderCompiler.exe after 0.13 seconds
Refreshing native plugins compatible for Editor in 1.94 ms, found 3 plugins.
Preloading 0 native plugins for Editor in 0.00 ms.
Unloading 3463 Unused Serialized files (Serialized files now loaded: 0)
Unloading 25 unused Assets / (56.6 KB). Loaded Objects now: 3943.
Memory consumption went from 144.1 MB to 144.0 MB.
Total: 5.631300 ms (FindLiveObjects: 0.443000 ms CreateObjectMapping: 0.427200 ms MarkObjects: 4.644600 ms  DeleteObjects: 0.115000 ms)

AssetImportParameters requested are different than current active one (requested -> active):
  custom:video-decoder-ogg-theora: a1e56fd34408186e4bbccfd4996cb3dc -> 
  custom:container-muxer-webm: aa71ff27fc2769a1b78a27578f13a17b -> 
  custom:container-demuxer-webm: 4f35f7cbe854078d1ac9338744f61a02 -> 
  custom:video-encoder-webm-vp8: eb34c28f22e8b96e1ab97ce403110664 -> 
  custom:audio-encoder-webm-vorbis: bf7c407c2cedff20999df2af8eb42d56 -> 
  custom:framework-win-MediaFoundation: 216162199b28c13a410421893ffa2e32 -> 
  custom:container-demuxer-ogg: 62fdf1f143b41e24485cea50d1cbac27 -> 
  custom:video-decoder-webm-vp8: 9c59270c3fd7afecdb556c50c9e8de78 -> 
  custom:audio-decoder-ogg-vorbis: bf7c407c2cedff20999df2af8eb42d56 -> 
========================================================================
Received Import Request.
  Time since last request: 547672.495020 seconds.
  path: Assets/InfinityPBR - Magic Pig Games/_Demo Scenes/Demo Scripts/IPBR_CharacterEquip.cs
  artifactKey: Guid(c638f52cdba714d278ccc5e13d4bbcca) Importer(815301076,1909f56bfc062723c751e8b465ee728b)
Start importing Assets/InfinityPBR - Magic Pig Games/_Demo Scenes/Demo Scripts/IPBR_CharacterEquip.cs using Guid(c638f52cdba714d278ccc5e13d4bbcca) Importer(815301076,1909f56bfc062723c751e8b465ee728b)  -> (artifact id: 'a2cc9e45f57fb2f7f7cc62d77d4643b5') in 0.148828 seconds 
========================================================================
Received Import Request.
  Time since last request: 0.000045 seconds.
  path: Assets/InfinityPBR - Magic Pig Games/_Demo Scenes/Demo Scripts/PCMToggle.cs
  artifactKey: Guid(631e4df2b0edd43e8aa20da6246fa4d8) Importer(815301076,1909f56bfc062723c751e8b465ee728b)
Start importing Assets/InfinityPBR - Magic Pig Games/_Demo Scenes/Demo Scripts/PCMToggle.cs using Guid(631e4df2b0edd43e8aa20da6246fa4d8) Importer(815301076,1909f56bfc062723c751e8b465ee728b)  -> (artifact id: 'ab5d72b71804132f0567b7ed0df01589') in 0.038428 seconds 
========================================================================
Received Import Request.
  Time since last request: 377.212841 seconds.
  path: Assets/InfinityPBR - Magic Pig Games/_Demo Scenes/Demo 2 Terrain Layers/VillageGround02.terrainlayer
  artifactKey: Guid(911a93197187442c59e64343fbcf5047) Importer(815301076,1909f56bfc062723c751e8b465ee728b)
Start importing Assets/InfinityPBR - Magic Pig Games/_Demo Scenes/Demo 2 Terrain Layers/VillageGround02.terrainlayer using Guid(911a93197187442c59e64343fbcf5047) Importer(815301076,1909f56bfc062723c751e8b465ee728b)  -> (artifact id: 'ab4fae5081aa274aa7bb4cc89d6fa098') in 0.088024 seconds 
========================================================================
Received Import Request.
  Time since last request: 5.469405 seconds.
  path: Assets/InfinityPBR - Magic Pig Games/_Demo Scenes/Medieval Environment - Demo 1.unity
  artifactKey: Guid(1cca8ff82bc7945e59cd7ebeb280d4ad) Importer(815301076,1909f56bfc062723c751e8b465ee728b)
Start importing Assets/InfinityPBR - Magic Pig Games/_Demo Scenes/Medieval Environment - Demo 1.unity using Guid(1cca8ff82bc7945e59cd7ebeb280d4ad) Importer(815301076,1909f56bfc062723c751e8b465ee728b)  -> (artifact id: 'ea426ea98ed7f1024cad7fa50d43b4f5') in 0.014904 seconds 
========================================================================
Received Import Request.
  Time since last request: 31.611987 seconds.
  path: Assets/InfinityPBR - Magic Pig Games/_Demo Scenes/Medieval Environment - Demo 2.unity
  artifactKey: Guid(de41685b0637c4ac4a14a5038db2e256) Importer(815301076,1909f56bfc062723c751e8b465ee728b)
Start importing Assets/InfinityPBR - Magic Pig Games/_Demo Scenes/Medieval Environment - Demo 2.unity using Guid(de41685b0637c4ac4a14a5038db2e256) Importer(815301076,1909f56bfc062723c751e8b465ee728b)  -> (artifact id: '871e544602d46da55e869ea838d3b800') in 0.020019 seconds 
========================================================================
Received Import Request.
  Time since last request: 12.931768 seconds.
  path: Assets/Advance Studios/Medieval Castle
  artifactKey: Guid(cf2933b77e16a624ba1f59eb0b0f01ce) Importer(815301076,1909f56bfc062723c751e8b465ee728b)
Start importing Assets/Advance Studios/Medieval Castle using Guid(cf2933b77e16a624ba1f59eb0b0f01ce) Importer(815301076,1909f56bfc062723c751e8b465ee728b)  -> (artifact id: '744dbdad5418daa92fc2f75224fa193a') in 0.025091 seconds 
========================================================================
Received Import Request.
  Time since last request: 3.389762 seconds.
  path: Assets/Advance Studios/Medieval Castle/Prefabs/Bridge Small.prefab
  artifactKey: Guid(269887260d31d1041b658681cec01a0e) Importer(815301076,1909f56bfc062723c751e8b465ee728b)
Start importing Assets/Advance Studios/Medieval Castle/Prefabs/Bridge Small.prefab using Guid(269887260d31d1041b658681cec01a0e) Importer(815301076,1909f56bfc062723c751e8b465ee728b)  -> (artifact id: '66139c1ce576d31c7dbd4a6ada0afcb6') in 0.189908 seconds 
========================================================================
Received Import Request.
  Time since last request: 3.829375 seconds.
  path: Assets/Advance Studios/Medieval Castle/Scenes/Demo.unity
  artifactKey: Guid(4e0b2b51b6662be4f9d98e95645aff16) Importer(815301076,1909f56bfc062723c751e8b465ee728b)
Start importing Assets/Advance Studios/Medieval Castle/Scenes/Demo.unity using Guid(4e0b2b51b6662be4f9d98e95645aff16) Importer(815301076,1909f56bfc062723c751e8b465ee728b)  -> (artifact id: '12dd2435867f4347f5f6e38034ef60a6') in 0.018354 seconds 
========================================================================
Received Prepare
Registering precompiled user dll's ...
Registered in 0.014990 seconds.
Begin MonoManager ReloadAssembly
Symbol file LoadedFromMemory doesn't match image C:\Users\user\Documents\GitHub\StudyUnity\Inflearn_MMO\Library\PackageCache\com.unity.visualscripting@1.7.8\Editor\VisualScripting.Core\Dependencies\YamlDotNet\Unity.VisualScripting.YamlDotNet.dll
Symbol file LoadedFromMemory doesn't match image C:\Users\user\Documents\GitHub\StudyUnity\Inflearn_MMO\Library\PackageCache\com.unity.visualscripting@1.7.8\Editor\VisualScripting.Core\Dependencies\DotNetZip\Unity.VisualScripting.IonicZip.dll
Native extension for UWP target not found
Native extension for WindowsStandalone target not found
Native extension for Android target not found
Refreshing native plugins compatible for Editor in 0.83 ms, found 3 plugins.
Preloading 0 native plugins for Editor in 0.00 ms.
Mono: successfully reloaded assembly
- Completed reload, in  1.772 seconds
Domain Reload Profiling:
	ReloadAssembly (1774ms)
		BeginReloadAssembly (289ms)
			ExecutionOrderSort (0ms)
			DisableScriptedObjects (35ms)
			BackupInstance (0ms)
			ReleaseScriptingObjects (0ms)
			CreateAndSetChildDomain (67ms)
		EndReloadAssembly (1310ms)
			LoadAssemblies (189ms)
			RebuildTransferFunctionScriptingTraits (0ms)
			SetupTypeCache (478ms)
			ReleaseScriptCaches (2ms)
			RebuildScriptCaches (57ms)
			SetupLoadedEditorAssemblies (520ms)
				LogAssemblyErrors (0ms)
				InitializePlatformSupportModulesInManaged (36ms)
				SetLoadedEditorAssemblies (1ms)
				RefreshPlugins (1ms)
				BeforeProcessingInitializeOnLoad (102ms)
				ProcessInitializeOnLoadAttributes (321ms)
				ProcessInitializeOnLoadMethodAttributes (39ms)
				AfterProcessingInitializeOnLoad (20ms)
				EditorAssembliesLoaded (0ms)
			ExecutionOrderSort2 (0ms)
			AwakeInstancesAfterBackupRestoration (16ms)
Platform modules already initialized, skipping
Refreshing native plugins compatible for Editor in 8.59 ms, found 3 plugins.
Preloading 0 native plugins for Editor in 0.00 ms.
Unloading 3428 Unused Serialized files (Serialized files now loaded: 0)
Unloading 23 unused Assets / (24.7 KB). Loaded Objects now: 3951.
Memory consumption went from 145.8 MB to 145.8 MB.
Total: 8.086700 ms (FindLiveObjects: 0.534200 ms CreateObjectMapping: 0.503900 ms MarkObjects: 6.985000 ms  DeleteObjects: 0.061900 ms)

AssetImportParameters requested are different than current active one (requested -> active):
  custom:video-decoder-ogg-theora: a1e56fd34408186e4bbccfd4996cb3dc -> 
  custom:container-muxer-webm: aa71ff27fc2769a1b78a27578f13a17b -> 
  custom:container-demuxer-webm: 4f35f7cbe854078d1ac9338744f61a02 -> 
  custom:video-encoder-webm-vp8: eb34c28f22e8b96e1ab97ce403110664 -> 
  custom:audio-encoder-webm-vorbis: bf7c407c2cedff20999df2af8eb42d56 -> 
  custom:framework-win-MediaFoundation: 216162199b28c13a410421893ffa2e32 -> 
  custom:container-demuxer-ogg: 62fdf1f143b41e24485cea50d1cbac27 -> 
  custom:video-decoder-webm-vp8: 9c59270c3fd7afecdb556c50c9e8de78 -> 
  custom:audio-decoder-ogg-vorbis: bf7c407c2cedff20999df2af8eb42d56 -> 
========================================================================
Received Import Request.
  Time since last request: 12691.508784 seconds.
  path: Assets/InfinityPBR - Magic Pig Games/_Demo Scenes/Medieval Environment Pack/Medieval Environment Demo
  artifactKey: Guid(58a0d9a3dfa207d479461369917a86f0) Importer(815301076,1909f56bfc062723c751e8b465ee728b)
Start importing Assets/InfinityPBR - Magic Pig Games/_Demo Scenes/Medieval Environment Pack/Medieval Environment Demo using Guid(58a0d9a3dfa207d479461369917a86f0) Importer(815301076,1909f56bfc062723c751e8b465ee728b)  -> (artifact id: '2a0f4bcc2b45a9f2bc573304df479c2e') in 0.745328 seconds 
========================================================================
Received Import Request.
  Time since last request: 3.123689 seconds.
  path: Assets/InfinityPBR - Magic Pig Games/_Demo Scenes/Medieval Environment Pack/Medieval Environment Demo/ReflectionProbe-4.exr
  artifactKey: Guid(dc78f33ea0f21e64ba9ae4f0c4d72984) Importer(815301076,1909f56bfc062723c751e8b465ee728b)
Start importing Assets/InfinityPBR - Magic Pig Games/_Demo Scenes/Medieval Environment Pack/Medieval Environment Demo/ReflectionProbe-4.exr using Guid(dc78f33ea0f21e64ba9ae4f0c4d72984) Importer(815301076,1909f56bfc062723c751e8b465ee728b)  -> (artifact id: '84f68e67fa62c75cf0321cbc0311181f') in 0.889724 seconds 
========================================================================
Received Import Request.
  Time since last request: 2.985288 seconds.
  path: Assets/InfinityPBR - Magic Pig Games/_Demo Scenes/Demo 2 Terrain Layers/VillageGround03.terrainlayer
  artifactKey: Guid(293e160693e0948f7be00a65afb7a469) Importer(815301076,1909f56bfc062723c751e8b465ee728b)
Start importing Assets/InfinityPBR - Magic Pig Games/_Demo Scenes/Demo 2 Terrain Layers/VillageGround03.terrainlayer using Guid(293e160693e0948f7be00a65afb7a469) Importer(815301076,1909f56bfc062723c751e8b465ee728b)  -> (artifact id: 'd30c0a40b3e2cec33eda233a2827f41b') in 0.037727 seconds 
========================================================================
Received Import Request.
  Time since last request: 0.513598 seconds.
  path: Assets/InfinityPBR - Magic Pig Games/_Demo Scenes/Demo 2 Terrain Layers/VillageGround01.terrainlayer
  artifactKey: Guid(6aac27205bfbe4670ac6d1b478feceec) Importer(815301076,1909f56bfc062723c751e8b465ee728b)
Start importing Assets/InfinityPBR - Magic Pig Games/_Demo Scenes/Demo 2 Terrain Layers/VillageGround01.terrainlayer using Guid(6aac27205bfbe4670ac6d1b478feceec) Importer(815301076,1909f56bfc062723c751e8b465ee728b)  -> (artifact id: '97e4a976b2cb898a7c5a08666c8edee3') in 0.021899 seconds 
========================================================================
Received Import Request.
  Time since last request: 43.345091 seconds.
  path: Assets/InfinityPBR - Magic Pig Games/_Demo Scenes/Medieval Environment Pack
  artifactKey: Guid(a997f421ade3e4467a4228d61fcee16f) Importer(815301076,1909f56bfc062723c751e8b465ee728b)
Start importing Assets/InfinityPBR - Magic Pig Games/_Demo Scenes/Medieval Environment Pack using Guid(a997f421ade3e4467a4228d61fcee16f) Importer(815301076,1909f56bfc062723c751e8b465ee728b)  -> (artifact id: 'ac435924011a7402a69c0812f07beff9') in 0.027783 seconds 
